# JRE version: Java(TM) SE Runtime Environment (17.0.8+9) (build 17.0.8+9-LTS-211)
# Java VM: Java HotSpot(TM) 64-Bit Server VM (17.0.8+9-LTS-211, mixed mode, sharing, tiered, compressed oops, compressed class ptrs, g1 gc, windows-amd64)
GC Precious Log:
 CPUs: 16 total, 16 available
 Memory: 16217M
 Large Page Support: Disabled
 NUMA Support: Disabled
 Compressed Oops: Enabled (Zero based)
 Heap Region Size: 2M
 Heap Min Capacity: 8M
 Heap Initial Capacity: 254M
 Heap Max Capacity: 4056M
 Pre-touch: Disabled
 Parallel Workers: 13
 Concurrent Workers: 3
 Concurrent Refinement Workers: 13
 Periodic GC: Disabled
Heap:
 garbage-first heap   total 102400K, used 74801K [0x0000000702800000, 0x0000000800000000)
  region size 2048K, 21 young (43008K), 1 survivors (2048K)
 Metaspace       used 46387K, committed 46720K, reserved 1114112K
  class space    used 5449K, committed 5632K, reserved 1048576K
GC Heap History (18 events):
Event: 0.310 GC heap before
{Heap before GC invocations=0 (full 0):
 garbage-first heap   total 260096K, used 24576K [0x0000000702800000, 0x0000000800000000)
  region size 2048K, 11 young (22528K), 0 survivors (0K)
 Metaspace       used 5632K, committed 5696K, reserved 1114112K
  class space    used 549K, committed 576K, reserved 1048576K
}
Event: 0.312 GC heap after
{Heap after GC invocations=1 (full 0):
 garbage-first heap   total 260096K, used 6837K [0x0000000702800000, 0x0000000800000000)
  region size 2048K, 2 young (4096K), 2 survivors (4096K)
 Metaspace       used 5632K, committed 5696K, reserved 1114112K
  class space    used 549K, committed 576K, reserved 1048576K
}
Event: 0.859 GC heap before
{Heap before GC invocations=1 (full 0):
 garbage-first heap   total 260096K, used 43701K [0x0000000702800000, 0x0000000800000000)
  region size 2048K, 20 young (40960K), 2 survivors (4096K)
 Metaspace       used 14098K, committed 14336K, reserved 1114112K
  class space    used 1581K, committed 1728K, reserved 1048576K
}
Event: 0.863 GC heap after
{Heap after GC invocations=2 (full 0):
 garbage-first heap   total 260096K, used 10275K [0x0000000702800000, 0x0000000800000000)
  region size 2048K, 3 young (6144K), 3 survivors (6144K)
 Metaspace       used 14098K, committed 14336K, reserved 1114112K
  class space    used 1581K, committed 1728K, reserved 1048576K
}
Event: 1.203 GC heap before
{Heap before GC invocations=2 (full 0):
 garbage-first heap   total 260096K, used 40995K [0x0000000702800000, 0x0000000800000000)
  region size 2048K, 17 young (34816K), 3 survivors (6144K)
 Metaspace       used 21311K, committed 21504K, reserved 1114112K
  class space    used 2675K, committed 2752K, reserved 1048576K
}
Event: 1.207 GC heap after
{Heap after GC invocations=3 (full 0):
 garbage-first heap   total 260096K, used 16701K [0x0000000702800000, 0x0000000800000000)
  region size 2048K, 5 young (10240K), 5 survivors (10240K)
 Metaspace       used 21311K, committed 21504K, reserved 1114112K
  class space    used 2675K, committed 2752K, reserved 1048576K
}
Event: 1.662 GC heap before
{Heap before GC invocations=4 (full 0):
 garbage-first heap   total 75776K, used 53565K [0x0000000702800000, 0x0000000800000000)
  region size 2048K, 22 young (45056K), 5 survivors (10240K)
 Metaspace       used 26414K, committed 26624K, reserved 1114112K
  class space    used 3492K, committed 3584K, reserved 1048576K
}
Event: 1.674 GC heap after
{Heap after GC invocations=5 (full 0):
 garbage-first heap   total 75776K, used 24222K [0x0000000702800000, 0x0000000800000000)
  region size 2048K, 3 young (6144K), 3 survivors (6144K)
 Metaspace       used 26414K, committed 26624K, reserved 1114112K
  class space    used 3492K, committed 3584K, reserved 1048576K
}
Event: 1.696 GC heap before
{Heap before GC invocations=5 (full 0):
 garbage-first heap   total 75776K, used 26270K [0x0000000702800000, 0x0000000800000000)
  region size 2048K, 4 young (8192K), 3 survivors (6144K)
 Metaspace       used 26855K, committed 27136K, reserved 1114112K
  class space    used 3549K, committed 3648K, reserved 1048576K
}
Event: 1.701 GC heap after
{Heap after GC invocations=6 (full 0):
 garbage-first heap   total 75776K, used 25288K [0x0000000702800000, 0x0000000800000000)
  region size 2048K, 1 young (2048K), 1 survivors (2048K)
 Metaspace       used 26855K, committed 27136K, reserved 1114112K
  class space    used 3549K, committed 3648K, reserved 1048576K
}
Event: 1.974 GC heap before
{Heap before GC invocations=6 (full 0):
 garbage-first heap   total 75776K, used 51912K [0x0000000702800000, 0x0000000800000000)
  region size 2048K, 14 young (28672K), 1 survivors (2048K)
 Metaspace       used 31754K, committed 32000K, reserved 1114112K
  class space    used 3995K, committed 4096K, reserved 1048576K
}
Event: 1.980 GC heap after
{Heap after GC invocations=7 (full 0):
 garbage-first heap   total 75776K, used 26087K [0x0000000702800000, 0x0000000800000000)
  region size 2048K, 2 young (4096K), 2 survivors (4096K)
 Metaspace       used 31754K, committed 32000K, reserved 1114112K
  class space    used 3995K, committed 4096K, reserved 1048576K
}
Event: 2.306 GC heap before
{Heap before GC invocations=7 (full 0):
 garbage-first heap   total 75776K, used 42471K [0x0000000702800000, 0x0000000800000000)
  region size 2048K, 11 young (22528K), 2 survivors (4096K)
 Metaspace       used 35796K, committed 35968K, reserved 1114112K
  class space    used 4401K, committed 4480K, reserved 1048576K
}
Event: 2.313 GC heap after
{Heap after GC invocations=8 (full 0):
 garbage-first heap   total 131072K, used 27870K [0x0000000702800000, 0x0000000800000000)
  region size 2048K, 1 young (2048K), 1 survivors (2048K)
 Metaspace       used 35796K, committed 35968K, reserved 1114112K
  class space    used 4401K, committed 4480K, reserved 1048576K
}
Event: 4.482 GC heap before
{Heap before GC invocations=9 (full 0):
 garbage-first heap   total 102400K, used 87262K [0x0000000702800000, 0x0000000800000000)
  region size 2048K, 30 young (61440K), 1 survivors (2048K)
 Metaspace       used 43113K, committed 43456K, reserved 1114112K
  class space    used 5192K, committed 5376K, reserved 1048576K
}
Event: 4.494 GC heap after
{Heap after GC invocations=10 (full 0):
 garbage-first heap   total 102400K, used 35361K [0x0000000702800000, 0x0000000800000000)
  region size 2048K, 4 young (8192K), 4 survivors (8192K)
 Metaspace       used 43113K, committed 43456K, reserved 1114112K
  class space    used 5192K, committed 5376K, reserved 1048576K
}
Event: 4.505 GC heap before
{Heap before GC invocations=10 (full 0):
 garbage-first heap   total 102400K, used 37409K [0x0000000702800000, 0x0000000800000000)
  region size 2048K, 5 young (10240K), 4 survivors (8192K)
 Metaspace       used 43114K, committed 43456K, reserved 1114112K
  class space    used 5192K, committed 5376K, reserved 1048576K
}
Event: 4.514 GC heap after
{Heap after GC invocations=11 (full 0):
 garbage-first heap   total 102400K, used 35889K [0x0000000702800000, 0x0000000800000000)
  region size 2048K, 1 young (2048K), 1 survivors (2048K)
 Metaspace       used 43114K, committed 43456K, reserved 1114112K
  class space    used 5192K, committed 5376K, reserved 1048576K
}

