# JRE version: Java(TM) SE Runtime Environment (17.0.8+9) (build 17.0.8+9-LTS-211)
# Java VM: Java HotSpot(TM) 64-Bit Server VM (17.0.8+9-LTS-211, mixed mode, sharing, tiered, compressed oops, compressed class ptrs, g1 gc, windows-amd64)
GC Precious Log:
 CPUs: 16 total, 16 available
 Memory: 16217M
 Large Page Support: Disabled
 NUMA Support: Disabled
 Compressed Oops: Enabled (Zero based)
 Heap Region Size: 2M
 Heap Min Capacity: 8M
 Heap Initial Capacity: 254M
 Heap Max Capacity: 4056M
 Pre-touch: Disabled
 Parallel Workers: 13
 Concurrent Workers: 3
 Concurrent Refinement Workers: 13
 Periodic GC: Disabled
Heap:
 garbage-first heap   total 167936K, used 123075K [0x0000000702800000, 0x0000000800000000)
  region size 2048K, 18 young (36864K), 2 survivors (4096K)
 Metaspace       used 63834K, committed 64128K, reserved 1114112K
  class space    used 7076K, committed 7232K, reserved 1048576K
GC Heap History (20 events):
Event: 6.699 GC heap before
{Heap before GC invocations=15 (full 0):
 garbage-first heap   total 122880K, used 93835K [0x0000000702800000, 0x0000000800000000)
  region size 2048K, 17 young (34816K), 2 survivors (4096K)
 Metaspace       used 59117K, committed 59392K, reserved 1114112K
  class space    used 6754K, committed 6912K, reserved 1048576K
}
Event: 6.707 GC heap after
{Heap after GC invocations=16 (full 0):
 garbage-first heap   total 122880K, used 65907K [0x0000000702800000, 0x0000000800000000)
  region size 2048K, 3 young (6144K), 3 survivors (6144K)
 Metaspace       used 59117K, committed 59392K, reserved 1114112K
  class space    used 6754K, committed 6912K, reserved 1048576K
}
Event: 7.023 GC heap before
{Heap before GC invocations=17 (full 0):
 garbage-first heap   total 122880K, used 78195K [0x0000000702800000, 0x0000000800000000)
  region size 2048K, 10 young (20480K), 3 survivors (6144K)
 Metaspace       used 59399K, committed 59712K, reserved 1114112K
  class space    used 6773K, committed 6912K, reserved 1048576K
}
Event: 7.030 GC heap after
{Heap after GC invocations=18 (full 0):
 garbage-first heap   total 122880K, used 68072K [0x0000000702800000, 0x0000000800000000)
  region size 2048K, 3 young (6144K), 3 survivors (6144K)
 Metaspace       used 59399K, committed 59712K, reserved 1114112K
  class space    used 6773K, committed 6912K, reserved 1048576K
}
Event: 8.036 GC heap before
{Heap before GC invocations=19 (full 0):
 garbage-first heap   total 122880K, used 100840K [0x0000000702800000, 0x0000000800000000)
  region size 2048K, 18 young (36864K), 3 survivors (6144K)
 Metaspace       used 60396K, committed 60736K, reserved 1114112K
  class space    used 6871K, committed 7040K, reserved 1048576K
}
Event: 8.051 GC heap after
{Heap after GC invocations=20 (full 0):
 garbage-first heap   total 122880K, used 73480K [0x0000000702800000, 0x0000000800000000)
  region size 2048K, 3 young (6144K), 3 survivors (6144K)
 Metaspace       used 60396K, committed 60736K, reserved 1114112K
  class space    used 6871K, committed 7040K, reserved 1048576K
}
Event: 8.666 GC heap before
{Heap before GC invocations=20 (full 0):
 garbage-first heap   total 122880K, used 98056K [0x0000000702800000, 0x0000000800000000)
  region size 2048K, 16 young (32768K), 3 survivors (6144K)
 Metaspace       used 61137K, committed 61440K, reserved 1114112K
  class space    used 6951K, committed 7104K, reserved 1048576K
}
Event: 8.678 GC heap after
{Heap after GC invocations=21 (full 0):
 garbage-first heap   total 153600K, used 75900K [0x0000000702800000, 0x0000000800000000)
  region size 2048K, 2 young (4096K), 2 survivors (4096K)
 Metaspace       used 61137K, committed 61440K, reserved 1114112K
  class space    used 6951K, committed 7104K, reserved 1048576K
}
Event: 9.773 GC heap before
{Heap before GC invocations=22 (full 0):
 garbage-first heap   total 153600K, used 118908K [0x0000000702800000, 0x0000000800000000)
  region size 2048K, 23 young (47104K), 2 survivors (4096K)
 Metaspace       used 61677K, committed 62016K, reserved 1114112K
  class space    used 6983K, committed 7168K, reserved 1048576K
}
Event: 9.781 GC heap after
{Heap after GC invocations=23 (full 0):
 garbage-first heap   total 153600K, used 78696K [0x0000000702800000, 0x0000000800000000)
  region size 2048K, 3 young (6144K), 3 survivors (6144K)
 Metaspace       used 61677K, committed 62016K, reserved 1114112K
  class space    used 6983K, committed 7168K, reserved 1048576K
}
Event: 11.847 GC heap before
{Heap before GC invocations=23 (full 0):
 garbage-first heap   total 153600K, used 121704K [0x0000000702800000, 0x0000000800000000)
  region size 2048K, 24 young (49152K), 3 survivors (6144K)
 Metaspace       used 62045K, committed 62400K, reserved 1114112K
  class space    used 7004K, committed 7168K, reserved 1048576K
}
Event: 11.858 GC heap after
{Heap after GC invocations=24 (full 0):
 garbage-first heap   total 153600K, used 81739K [0x0000000702800000, 0x0000000800000000)
  region size 2048K, 3 young (6144K), 3 survivors (6144K)
 Metaspace       used 62045K, committed 62400K, reserved 1114112K
  class space    used 7004K, committed 7168K, reserved 1048576K
}
Event: 13.380 GC heap before
{Heap before GC invocations=25 (full 0):
 garbage-first heap   total 153600K, used 124747K [0x0000000702800000, 0x0000000800000000)
  region size 2048K, 24 young (49152K), 3 survivors (6144K)
 Metaspace       used 62362K, committed 62656K, reserved 1114112K
  class space    used 7006K, committed 7168K, reserved 1048576K
}
Event: 13.390 GC heap after
{Heap after GC invocations=26 (full 0):
 garbage-first heap   total 153600K, used 84873K [0x0000000702800000, 0x0000000800000000)
  region size 2048K, 3 young (6144K), 3 survivors (6144K)
 Metaspace       used 62362K, committed 62656K, reserved 1114112K
  class space    used 7006K, committed 7168K, reserved 1048576K
}
Event: 14.517 GC heap before
{Heap before GC invocations=26 (full 0):
 garbage-first heap   total 153600K, used 125833K [0x0000000702800000, 0x0000000800000000)
  region size 2048K, 23 young (47104K), 3 survivors (6144K)
 Metaspace       used 62564K, committed 62976K, reserved 1114112K
  class space    used 7017K, committed 7232K, reserved 1048576K
}
Event: 14.528 GC heap after
{Heap after GC invocations=27 (full 0):
 garbage-first heap   total 153600K, used 87958K [0x0000000702800000, 0x0000000800000000)
  region size 2048K, 3 young (6144K), 3 survivors (6144K)
 Metaspace       used 62564K, committed 62976K, reserved 1114112K
  class space    used 7017K, committed 7232K, reserved 1048576K
}
Event: 15.617 GC heap before
{Heap before GC invocations=28 (full 0):
 garbage-first heap   total 153600K, used 126870K [0x0000000702800000, 0x0000000800000000)
  region size 2048K, 22 young (45056K), 3 survivors (6144K)
 Metaspace       used 62731K, committed 63104K, reserved 1114112K
  class space    used 7024K, committed 7232K, reserved 1048576K
}
Event: 15.629 GC heap after
{Heap after GC invocations=29 (full 0):
 garbage-first heap   total 153600K, used 91209K [0x0000000702800000, 0x0000000800000000)
  region size 2048K, 3 young (6144K), 3 survivors (6144K)
 Metaspace       used 62731K, committed 63104K, reserved 1114112K
  class space    used 7024K, committed 7232K, reserved 1048576K
}
Event: 16.223 GC heap before
{Heap before GC invocations=29 (full 0):
 garbage-first heap   total 153600K, used 126025K [0x0000000702800000, 0x0000000800000000)
  region size 2048K, 20 young (40960K), 3 survivors (6144K)
 Metaspace       used 63299K, committed 63616K, reserved 1114112K
  class space    used 7065K, committed 7232K, reserved 1048576K
}
Event: 16.231 GC heap after
{Heap after GC invocations=30 (full 0):
 garbage-first heap   total 153600K, used 92355K [0x0000000702800000, 0x0000000800000000)
  region size 2048K, 2 young (4096K), 2 survivors (4096K)
 Metaspace       used 63299K, committed 63616K, reserved 1114112K
  class space    used 7065K, committed 7232K, reserved 1048576K
}

